<?xml version="1.0" encoding="UTF-8"?>
<testng-results skipped="0" failed="0" ignored="0" total="1" passed="1">
  <reporter-output>
  </reporter-output>
  <suite name="Suite" duration-ms="26" started-at="2017-12-27T15:52:25Z" finished-at="2017-12-27T15:52:25Z">
    <groups>
    </groups>
    <test name="Test" duration-ms="26" started-at="2017-12-27T15:52:25Z" finished-at="2017-12-27T15:52:25Z">
      <class name="Demo.Demo1.advay">
        <test-method status="PASS" signature="ad()[pri:0, instance:Demo.Demo1.advay@e52dcd]" name="ad" duration-ms="5" started-at="2017-12-27T15:52:25Z" finished-at="2017-12-27T15:52:25Z">
          <reporter-output>
          </reporter-output>
        </test-method> <!-- ad -->
      </class> <!-- Demo.Demo1.advay -->
    </test> <!-- Test -->
  </suite> <!-- Suite -->
</testng-results>
