<?xml version="1.0" encoding="UTF-8"?>
<testng-results ignored="0" total="1" passed="1" failed="0" skipped="0">
  <reporter-output>
  </reporter-output>
  <suite started-at="2017-12-27T15:46:05Z" name="Suite" finished-at="2017-12-27T15:46:05Z" duration-ms="28">
    <groups>
    </groups>
    <test started-at="2017-12-27T15:46:05Z" name="Test" finished-at="2017-12-27T15:46:05Z" duration-ms="28">
      <class name="Demo.Demo1.advay">
        <test-method signature="ad()[pri:0, instance:Demo.Demo1.advay@4b013c76]" started-at="2017-12-27T15:46:05Z" name="ad" finished-at="2017-12-27T15:46:05Z" duration-ms="8" status="PASS">
          <reporter-output>
          </reporter-output>
        </test-method> <!-- ad -->
      </class> <!-- Demo.Demo1.advay -->
    </test> <!-- Test -->
  </suite> <!-- Suite -->
</testng-results>
